<?xml version="1.0" encoding="UTF-8"?>
<testng-results ignored="0" total="2" passed="2" failed="0" skipped="0">
  <reporter-output>
  </reporter-output>
  <suite started-at="2023-06-28T12:04:33 IST" name="Suite" finished-at="2023-06-28T12:04:42 IST" duration-ms="9619">
    <groups>
    </groups>
    <test started-at="2023-06-28T12:04:33 IST" name="Test" finished-at="2023-06-28T12:04:42 IST" duration-ms="9619">
      <class name="Test_cases.Put_TC1">
        <test-method signature="extractor()[pri:0, instance:Test_cases.Put_TC1@35dab4eb]" started-at="2023-06-28T12:04:33 IST" name="extractor" finished-at="2023-06-28T12:04:41 IST" duration-ms="8066" status="PASS">
          <reporter-output>
          </reporter-output>
        </test-method> <!-- extractor -->
      </class> <!-- Test_cases.Put_TC1 -->
      <class name="Test_cases.Post_TC1">
        <test-method signature="extractor()[pri:0, instance:Test_cases.Post_TC1@8458f04]" started-at="2023-06-28T12:04:41 IST" name="extractor" finished-at="2023-06-28T12:04:42 IST" duration-ms="1257" status="PASS">
          <reporter-output>
          </reporter-output>
        </test-method> <!-- extractor -->
      </class> <!-- Test_cases.Post_TC1 -->
    </test> <!-- Test -->
  </suite> <!-- Suite -->
</testng-results>
